[INFO] 19:14:02 MainProcess __main__: 🚀 Starting Beavr Teleop System
[INFO] 19:14:02 MainProcess __main__: 📡 Network host: 127.0.0.1
[INFO] 19:14:02 MainProcess __main__: 🎮 Operation mode: ENABLED
[INFO] 19:14:02 MainProcess __main__: 🎯 Simulation mode: DISABLED
[INFO] 19:14:02 MainProcess __main__: 🤖 Robot: xarm7
[INFO] 19:14:02 MainProcess beavr.teleop.components.initializers: 🔧 Initializing TeleOperator with structured configuration
[INFO] 19:14:02 MainProcess __main__: 🔄 Starting 5 teleop processes...
SDK_VERSION: 1.15.3
[DEBUG] 19:14:02 MainProcess __main__:   ✅ Started process: Process-1
[INFO] 19:14:02 Process-1 beavr.teleop.components.component: ***************************************************************
[INFO] 19:14:02 Process-1 beavr.teleop.components.component:      Starting vr detector component
[INFO] 19:14:02 Process-1 beavr.teleop.components.component: ***************************************************************
[ERROR] 19:14:02 Process-1 beavr.teleop.utils.network: Address tcp://10.31.152.148:8087 already in use. Is another instance running?
[ERROR] 19:14:02 Process-1 beavr.teleop.utils.network: Failed to create PULL socket: Address already in use (addr='tcp://10.31.152.148:8087')
[ERROR] 19:14:02 Process-1 beavr.teleop.components.initializers: Error starting component: Address already in use (addr='tcp://10.31.152.148:8087')
[DEBUG] 19:14:02 MainProcess __main__:   ✅ Started process: Process-2
Process Process-1:
Traceback (most recent call last):
  File "/home/demo/anaconda3/envs/beavr/lib/python3.10/multiprocessing/process.py", line 314, in _bootstrap
    self.run()
  File "/home/demo/anaconda3/envs/beavr/lib/python3.10/multiprocessing/process.py", line 108, in run
    self._target(*self._args, **self._kwargs)
  File "/home/demo/beavr-bot/src/beavr/teleop/components/initializers.py", line 142, in _start_component
    component = instantiate_from_target(configs)
  File "/home/demo/beavr-bot/src/beavr/teleop/utils/instantiator.py", line 62, in instantiate_from_target
    return [instantiate_from_target(c) for c in cfg]
  File "/home/demo/beavr-bot/src/beavr/teleop/utils/instantiator.py", line 62, in <listcomp>
    return [instantiate_from_target(c) for c in cfg]
  File "/home/demo/beavr-bot/src/beavr/teleop/utils/instantiator.py", line 58, in instantiate_from_target
    return cfg.build()
  File "/home/demo/beavr-bot/src/beavr/teleop/configs/robots/shared_components.py", line 172, in build
    return OculusVRHandDetector(
  File "/home/demo/beavr-bot/src/beavr/teleop/components/detector/oculus.py", line 38, in __init__
    robots.KEYPOINTS: create_pull_socket(host, self.oculus_hand_port),
  File "/home/demo/beavr-bot/src/beavr/teleop/utils/network.py", line 202, in create_pull_socket
    socket.bind(addr)
  File "/home/demo/anaconda3/envs/beavr/lib/python3.10/site-packages/zmq/sugar/socket.py", line 302, in bind
    super().bind(addr)
  File "zmq/backend/cython/socket.pyx", line 564, in zmq.backend.cython.socket.Socket.bind
  File "zmq/backend/cython/checkrc.pxd", line 28, in zmq.backend.cython.checkrc._check_rc
zmq.error.ZMQError: Address already in use (addr='tcp://10.31.152.148:8087')
[INFO] 19:14:02 Process-2 beavr.teleop.components.component: ***************************************************************
[INFO] 19:14:02 Process-2 beavr.teleop.components.component:      Starting left_hand_keypoint_transform component
[INFO] 19:14:02 Process-2 beavr.teleop.components.component: ***************************************************************
[DEBUG] 19:14:03 MainProcess __main__:   ✅ Started process: Process-3
[INFO] 19:14:03 Process-3 beavr.teleop.components.component: ***************************************************************
[INFO] 19:14:03 Process-3 beavr.teleop.components.component:      Starting hand 2D plotter component
[INFO] 19:14:03 Process-3 beavr.teleop.components.component: ***************************************************************
[DEBUG] 19:14:03 Process-3 matplotlib.pyplot: Loaded backend Agg version v2.2.
[DEBUG] 19:14:03 MainProcess __main__:   ✅ Started process: Process-4
[ERROR] 19:14:03 Process-3 beavr.teleop.components.visualizers.visualizer_2d: Error in hand 2D visualizer: cannot reshape array of size 1 into shape (24,3)
[DEBUG] 19:14:03 MainProcess __main__:   ✅ Started process: Process-5
[INFO] 19:14:03 MainProcess __main__: ✨ All processes started. Press Ctrl+C to stop.
[INFO] 19:14:03 Process-5 beavr.teleop.components.component: ***************************************************************
[INFO] 19:14:03 Process-5 beavr.teleop.components.component:      Starting xarm7_left_operator component
[INFO] 19:14:03 Process-5 beavr.teleop.components.component: ***************************************************************
[INFO] 19:14:03 Process-5 beavr.teleop.utils.network: Started handshake server for 'xarm7_left_operator_handshake' on *:8156
[INFO] 19:14:03 Process-5 beavr.teleop.components.operators.xarm_base: Handshake server started for xarm7_left_operator on port 8156
[INFO] 19:14:03 Process-5 beavr.teleop.components.component: ***************************************************************
[INFO] 19:14:03 Process-5 beavr.teleop.components.component:      Starting None control component
[INFO] 19:14:03 Process-5 beavr.teleop.components.component: ***************************************************************
[INFO] 19:14:03 Process-5 beavr.teleop.components.operators.operator: Start controlling the robot hand using the Oculus Headset.

[INFO] 19:14:03 Process-5 beavr.teleop.components.operators.xarm_base: ****** xarm7_left_operator: RESETTING TELEOP ******
[INFO] 19:14:03 Process-3 beavr.teleop.components.visualizers.visualizer_2d: Stopping the hand 2D visualizer process
[INFO] 19:14:05 Process-4 beavr.teleop.utils.network: Started handshake server for 'xarm7_left_handshake' on *:8152
[INFO] 19:14:05 Process-4 beavr.teleop.interfaces.xarm7_robot: Handshake server started for xarm7_left
[INFO] 19:14:06 Process-5 beavr.teleop.components.operators.xarm_base: xarm7_left_operator Robot init H:
[[ 9.99837075e-01  2.50873481e-03  1.78753899e-02  3.16246246e-01]
 [ 2.36245010e-03 -9.99963589e-01  8.20000377e-03 -1.70125000e-04]
 [ 1.78953107e-02 -8.15643807e-03 -9.99806596e-01  3.02109863e-01]
 [ 0.00000000e+00  0.00000000e+00  0.00000000e+00  1.00000000e+00]]
