usage: main.py [-h] [--config_path str] [--teleop str] [--network str]
               [--teleop.network.host_address str]
               [--teleop.network.left_xarm_ip str]
               [--teleop.network.right_xarm_ip str]
               [--teleop.network.left_arm_ip str]
               [--teleop.network.right_arm_ip str]
               [--teleop.network.xarm_left_ip str]
               [--teleop.network.xarm_right_ip str]
               [--teleop.network.teleop_handshake_port str] [--ports str]
               [--teleop.ports.keypoint_stream_port str]
               [--teleop.ports.control_stream_port str]
               [--teleop.ports.robot_state_port str]
               [--teleop.ports.robot_command_port str]
               [--teleop.ports.right_hand_oculus_receiver_port str]
               [--teleop.ports.left_hand_oculus_receiver_port str]
               [--teleop.ports.right_resolution_button_port str]
               [--teleop.ports.left_resolution_button_port str]
               [--teleop.ports.resolution_button_publish_port str]
               [--teleop.ports.teleop_reset_port str]
               [--teleop.ports.left_teleop_reset_port str]
               [--teleop.ports.teleop_reset_publish_port str]
               [--teleop.ports.keypoint_transform_port str]
               [--teleop.ports.left_keypoint_transform_port str]
               [--teleop.ports.cam_port_offset str]
               [--teleop.ports.sim_image_port str]
               [--teleop.ports.fish_eye_cam_port_offset str]
               [--teleop.ports.oculus_graph_port str]
               [--teleop.ports.deployment_port str]
               [--teleop.ports.unified_data_port str]
               [--teleop.ports.pre_action_thumb_ee_position_port str]
               [--teleop.ports.post_action_thumb_ee_position_port str]
               [--teleop.ports.gripper_publish_port_right str]
               [--teleop.ports.gripper_publish_port_left str]
               [--teleop.ports.cartesian_publisher_port str]
               [--teleop.ports.joint_publisher_port str]
               [--teleop.ports.cartesian_command_publisher_port str]
               [--teleop.ports.cartesian_publisher_port_left str]
               [--teleop.ports.joint_publisher_port_left str]
               [--teleop.ports.cartesian_command_publisher_port_left str]
               [--teleop.ports.xarm_endeff_publish_port str]
               [--teleop.ports.xarm_endeff_subscribe_port str]
               [--teleop.ports.xarm_joint_subscribe_port str]
               [--teleop.ports.xarm_reset_subscribe_port str]
               [--teleop.ports.xarm_home_subscribe_port str]
               [--teleop.ports.xarm_state_publish_port str]
               [--teleop.ports.left_xarm_state_publish_port str]
               [--teleop.ports.xarm_teleoperation_state_port str]
               [--teleop.ports.leap_joint_angle_subscribe_port str]
               [--teleop.ports.leap_joint_angle_publish_port str]
               [--teleop.ports.leap_reset_subscribe_port str]
               [--teleop.ports.leap_state_publish_port str]
               [--teleop.ports.leap_home_subscribe_port str]
               [--teleop.ports.viz_port_offset str]
               [--teleop.ports.depth_port_offset str]
               [--teleop.ports.lekiwi_port str]
               [--teleop.ports.lekiwi_video_port str] [--robot str]
               [--teleop.robot.wrist_home_state str]
               [--teleop.robot.oculus_num_keypoints str]
               [--teleop.robot.vr_thumb_bound_vertices str]
               [--teleop.robot.gripper_open str]
               [--teleop.robot.gripper_close str]
               [--teleop.robot.oculus_joints str]
               [--teleop.robot.oculus_view_limits str]
               [--teleop.robot.xela_fps str]
               [--teleop.robot.xela_num_sensors str]
               [--teleop.robot.xela_palm_num_sensors str]
               [--teleop.robot.xela_fingertip_num_sensors str]
               [--teleop.robot.xela_finger_num_sensors str]
               [--teleop.robot.xela_palm_num_taxels str]
               [--teleop.robot.xela_fingertip_num_taxels str]
               [--teleop.robot.xela_finger_num_taxels str]
               [--teleop.robot.xela_num_taxels str]
               [--teleop.robot.allegro_joints_per_finger str]
               [--teleop.robot.leap_joints_per_finger str]
               [--teleop.robot.allegro_joint_offsets str]
               [--teleop.robot.leap_joint_offsets str]
               [--teleop.robot.xarm_scale_factor str]
               [--teleop.robot.bimanual_left_home str]
               [--teleop.robot.bimanual_right_home str]
               [--teleop.robot.robot_home_pose_aa str]
               [--teleop.robot.robot_home_js str]
               [--teleop.robot.leap_finger_scale_factor str]
               [--teleop.robot.leap_thumb_scale_factor str]
               [--teleop.robot.leap_home_js str]
               [--teleop.robot.vr_detector str] [--teleop.robot.keypoints str]
               [--teleop.robot.button str] [--teleop.robot.pause str]
               [--teleop.robot.right str] [--teleop.robot.left str]
               [--teleop.robot.keypoint_position_transform str]
               [--teleop.robot.absolute str] [--teleop.robot.relative str]
               [--teleop.robot.transformed_hand_coords str]
               [--teleop.robot.transformed_hand_frame str]
               [--teleop.robot.allegro_sample_offset str]
               [--teleop.robot.sample_writer_fps str]
               [--teleop.robot.robot_identifier_right_xarm7 str]
               [--teleop.robot.robot_identifier_left_xarm7 str]
               [--teleop.robot.robot_identifier_leap str]
               [--teleop.robot.recorded_data_joint_states str]
               [--teleop.robot.recorded_data_cartesian_states str]
               [--teleop.robot.recorded_data_xarm_cartesian_states str]
               [--teleop.robot.recorded_data_commanded_cartesian_state str]
               [--teleop.robot.recorded_data_commanded_joint_states str]
               [--teleop.robot.recorded_data_joint_angles_rad str]
               [--camera str] [--teleop.camera.num_cams str]
               [--teleop.camera.cam_fps str] [--teleop.camera.cam_fps_sim str]
               [--teleop.camera.width str] [--teleop.camera.height str]
               [--teleop.camera.processing_preset str]
               [--teleop.camera.visual_rescale_factor str]
               [--teleop.camera.cam_configs_width str]
               [--teleop.camera.cam_configs_height str]
               [--teleop.camera.cam_configs_fps str]
               [--teleop.camera.cam_configs_processing_preset str]
               [--teleop.camera.cam_configs_rotation_angle str]
               [--teleop.camera.oculus_cam str]
               [--teleop.camera.num_cams_config str]
               [--teleop.camera.robot_cam_serial_numbers str]
               [--teleop.camera.fisheye_cam_numbers str]
               [--teleop.camera.image_record_resolution str]
               [--teleop.camera.image_record_resolution_sim str]
               [--teleop.camera.depth_record_fps str]
               [--teleop.camera.calibration_files_path str]
               [--teleop.camera.vr_thumb_bounds_path str]
               [--teleop.camera.vr_display_thumb_bounds_path str]
               [--teleop.camera.vr_2d_plot_save_path str]
               [--teleop.camera.xela_plot_save_path str]
               [--teleop.camera.camera_port str]
               [--teleop.camera.stream_configs_host str]
               [--teleop.camera.stream_configs_port str]
               [--teleop.camera.camera_index_front str]
               [--teleop.camera.camera_index_wrist str]
               [--teleop.camera.camera_rotation_front str]
               [--teleop.camera.camera_rotation_wrist str]
               [--teleop.camera.camera_width_default str]
               [--teleop.camera.camera_height_default str]
               [--teleop.camera.camera_fps_default str]
               [--teleop.camera.lekiwi_camera_front_index str]
               [--teleop.camera.lekiwi_camera_wrist_index str]
               [--teleop.camera.lekiwi_camera_front_rotation str]
               [--teleop.camera.lekiwi_camera_wrist_rotation str]
               [--teleop.camera.lekiwi_camera_width str]
               [--teleop.camera.lekiwi_camera_height str]
               [--teleop.camera.lekiwi_camera_fps str] [--resolution str]
               [--teleop.resolution.high str] [--teleop.resolution.low str]
               [--flags str] [--teleop.flags.operate str]
               [--teleop.flags.robot_interface str]
               [--teleop.flags.sim_env str] [--teleop.flags.run_xela str]
               [--teleop.flags.visualize_xela str]
               [--teleop.flags.visualize_right_2d str]
               [--teleop.flags.visualize_right_3d str]
               [--teleop.flags.visualize_right_dir str]
               [--teleop.flags.stream_oculus str] [--control str]
               [--teleop.control.arm_teleop_cont str]
               [--teleop.control.arm_teleop_stop str]
               [--teleop.control.deploy_reach_threshold str]
               [--teleop.control.deploy_freq str]
               [--teleop.control.vr_freq str]
               [--teleop.control.recorder_freq str] [--teleop.operate str]
               [--teleop.robot_name str] [--robot_name str] [--laterality str]
               [--config_file str] [--storage_path str]
main.py: error: unrecognized arguments: --teleop.flags.vr_only_mode=true
